// 重构日志: 76ee230b
// 重构日志: 0e2379a1
// 重构日志: 3a255e67
// 同步 ID: 9afa4aa9 @ Wed Jul  1 02:02:04 UTC 2026
// 重构日志: dcb08f3e
// 同步 ID: 6ef91889 @ Fri Jul  3 09:05:57 UTC 2026
// 重构日志: 2d74b997
// 重构日志: 4a8c06df
// 重构日志: f7087e80
// 同步 ID: 679014a6 @ Sat Jul  4 15:06:01 UTC 2026
// 重构日志: 4c761ece
// 重构日志: 33ac5c3d
// 同步 ID: 77a56f2a @ Mon Jul  6 06:47:24 UTC 2026
// 同步 ID: 8355794f @ Mon Jul  6 18:05:53 UTC 2026
// 重构日志: 539967af
// 同步 ID: 9c0c3d5e @ Wed Jul  8 12:57:20 UTC 2026
// 同步 ID: 306f6b23 @ Thu Jul  9 02:13:46 UTC 2026
// 重构日志: f525b535
// 重构日志: 2a5e2955
// 重构日志: 1df78551
// 同步 ID: ed57bada @ Fri Jul 10 22:46:08 UTC 2026
// 同步 ID: c173778b @ Sat Jul 11 09:35:49 UTC 2026
// 重构日志: d2c05d28
// 重构日志: f45ee323
// 重构日志: d73e4a8d
// 重构日志: 21ef3cfb
// 重构日志: 9a0ee9b4
// 重构日志: 28ade76e
// 重构日志: e11fccad
// 同步 ID: d20867f9 @ Mon Jul 13 00:11:38 UTC 2026
// 重构日志: ad3915a1
// 重构日志: 696c4108
